500
0
1
eji-a 5
1
2
a-b 3
ejj-b 2
2
1
b-c 2
3
2
c-d 5
ejj-d 1
4
1
d-e 5
5
2
e-f 2
ejj-f 1
6
1
f-g 3
7
2
g-h 3
ejj-h 4
8
1
h-i 7
9
2
i-j 4
ejj-j 1
10
1
j-ba 5
11
2
ba-bb 3
ejj-bb 2
12
1
bb-bc 4
13
2
bc-bd 5
ejj-bd 2
14
1
bd-be 2
15
2
be-bf 4
ejj-bf 2
16
1
bf-bg 5
17
2
bg-bh 4
ejj-bh 1
18
1
bh-bi 5
19
2
bi-bj 3
ejj-bj 2
20
1
bj-ca 6
21
2
ca-cb 2
ejj-cb 1
22
1
cb-cc 4
23
2
cc-cd 1
ejj-cd 2
24
1
cd-ce 3
25
2
ce-cf 2
ejj-cf 3
26
1
cf-cg 4
27
2
cg-ch 3
ejj-ch 2
28
1
ch-ci 3
29
2
ci-cj 3
ejj-cj 2
30
1
cj-da 4
31
2
da-db 4
ejj-db 4
32
1
db-dc 7
33
2
dc-dd 7
ejj-dd 3
34
1
dd-de 6
35
2
de-df 2
ejj-df 1
36
1
df-dg 7
37
2
dg-dh 4
ejj-dh 3
38
1
dh-di 4
39
2
di-dj 3
ejj-dj 2
40
1
dj-ea 6
41
2
ea-eb 4
ejj-eb 1
42
1
eb-ec 3
43
2
ec-ed 5
ejj-ed 1
44
1
ed-ee 3
45
2
ee-ef 3
ejj-ef 2
46
1
ef-eg 2
47
2
eg-eh 1
ejj-eh 3
48
1
eh-ei 2
49
2
ei-ej 2
ejj-ej 3
50
1
ej-fa 6
51
2
fa-fb 7
ejj-fb 1
52
1
fb-fc 7
53
1
fc-fd 6
54
1
fd-fe 3
55
2
fe-ff 2
ejj-ff 2
56
1
ff-fg 3
57
2
fg-fh 3
ejj-fh 1
58
1
fh-fi 3
59
2
fi-fj 5
ejj-fj 1
60
1
fj-ga 6
61
2
ga-gb 3
ejj-gb 2
62
1
gb-gc 4
63
2
gc-gd 3
ejj-gd 2
64
1
gd-ge 4
65
2
ge-gf 3
ejj-gf 2
66
1
gf-gg 8
67
2
gg-gh 4
ejj-gh 2
68
1
gh-gi 1
69
2
gi-gj 6
ejj-gj 2
70
1
gj-ha 6
71
2
ha-hb 4
ejj-hb 2
72
1
hb-hc 4
73
2
hc-hd 6
ejj-hd 2
74
1
hd-he 6
75
2
he-hf 4
ejj-hf 3
76
1
hf-hg 5
77
2
hg-hh 3
ejj-hh 2
78
1
hh-hi 6
79
2
hi-hj 2
ejj-hj 1
80
1
hj-ia 3
81
2
ia-ib 3
ejj-ib 1
82
1
ib-ic 5
83
2
ic-id 3
ejj-id 3
84
1
id-ie 4
85
2
ie-if 2
ejj-if 2
86
1
if-ig 5
87
2
ig-ih 3
ejj-ih 1
88
1
ih-ii 4
89
2
ii-ij 2
ejj-ij 2
90
1
ij-ja 3
91
2
ja-jb 2
ejj-jb 1
92
1
jb-jc 4
93
2
jc-jd 3
ejj-jd 1
94
1
jd-je 4
95
2
je-jf 5
ejj-jf 3
96
1
jf-jg 5
97
2
jg-jh 5
ejj-jh 3
98
1
jh-ji 5
99
2
ji-jj 4
ejj-jj 2
100
1
jj-baa 4
101
2
baa-bab 4
ejj-bab 1
102
1
bab-bac 3
103
2
bac-bad 3
ejj-bad 1
104
1
bad-bae 4
105
2
bae-baf 3
ejj-baf 2
106
1
baf-bag 3
107
2
bag-bah 3
ejj-bah 2
108
1
bah-bai 4
109
2
bai-baj 2
ejj-baj 3
110
1
baj-bba 4
111
2
bba-bbb 3
ejj-bbb 1
112
1
bbb-bbc 2
113
2
bbc-bbd 2
ejj-bbd 1
114
1
bbd-bbe 3
115
2
bbe-bbf 2
ejj-bbf 1
116
1
bbf-bbg 4
117
2
bbg-bbh 1
ejj-bbh 2
118
1
bbh-bbi 2
119
2
bbi-bbj 1
ejj-bbj 1
120
1
bbj-bca 2
121
2
bca-bcb 2
ejj-bcb 2
122
1
bcb-bcc 3
123
2
bcc-bcd 2
ejj-bcd 4
124
1
bcd-bce 4
125
2
bce-bcf 2
ejj-bcf 1
126
1
bcf-bcg 2
127
2
bcg-bch 1
ejj-bch 1
128
1
bch-bci 1
129
2
bci-bcj 1
ejj-bcj 1
130
1
bcj-bda 3
131
2
bda-bdb 3
ejj-bdb 2
132
1
bdb-bdc 3
133
2
bdc-bdd 5
ejj-bdd 2
134
1
bdd-bde 6
135
2
bde-bdf 4
ejj-bdf 3
136
1
bdf-bdg 6
137
2
bdg-bdh 4
ejj-bdh 1
138
1
bdh-bdi 4
139
2
bdi-bdj 4
ejj-bdj 2
140
1
bdj-bea 4
141
2
bea-beb 2
ejj-beb 2
142
1
beb-bec 4
143
2
bec-bed 4
ejj-bed 1
144
1
bed-bee 5
145
2
bee-bef 2
ejj-bef 2
146
1
bef-beg 4
147
2
beg-beh 2
ejj-beh 1
148
1
beh-bei 3
149
2
bei-bej 3
ejj-bej 2
150
1
bej-bfa 4
151
2
bfa-bfb 4
ejj-bfb 2
152
1
bfb-bfc 4
153
2
bfc-bfd 3
ejj-bfd 2
154
1
bfd-bfe 4
155
2
bfe-bff 3
ejj-bff 2
156
1
bff-bfg 6
157
2
bfg-bfh 3
ejj-bfh 2
158
1
bfh-bfi 6
159
2
bfi-bfj 2
ejj-bfj 1
160
1
bfj-bga 3
161
1
bga-bgb 1
162
1
bgb-bgc 3
163
2
bgc-bgd 4
ejj-bgd 2
164
1
bgd-bge 5
165
2
bge-bgf 3
ejj-bgf 3
166
1
bgf-bgg 3
167
2
bgg-bgh 3
ejj-bgh 2
168
1
bgh-bgi 4
169
2
bgi-bgj 4
ejj-bgj 1
170
1
bgj-bha 5
171
2
bha-bhb 2
ejj-bhb 1
172
1
bhb-bhc 3
173
2
bhc-bhd 4
ejj-bhd 1
174
1
bhd-bhe 5
175
2
bhe-bhf 2
ejj-bhf 3
176
1
bhf-bhg 4
177
2
bhg-bhh 2
ejj-bhh 3
178
1
bhh-bhi 6
179
2
bhi-bhj 4
ejj-bhj 1
180
1
bhj-bia 4
181
2
bia-bib 1
ejj-bib 1
182
1
bib-bic 4
183
2
bic-bid 1
ejj-bid 1
184
1
bid-bie 3
185
2
bie-bif 2
ejj-bif 2
186
1
bif-big 4
187
2
big-bih 2
ejj-bih 2
188
1
bih-bii 3
189
2
bii-bij 3
ejj-bij 3
190
1
bij-bja 6
191
2
bja-bjb 5
ejj-bjb 2
192
1
bjb-bjc 6
193
2
bjc-bjd 6
ejj-bjd 1
194
1
bjd-bje 6
195
2
bje-bjf 6
ejj-bjf 1
196
1
bjf-bjg 3
197
2
bjg-bjh 5
ejj-bjh 1
198
1
bjh-bji 3
199
2
bji-bjj 4
ejj-bjj 1
200
1
bjj-caa 4
201
2
caa-cab 3
ejj-cab 1
202
1
cab-cac 4
203
2
cac-cad 1
ejj-cad 1
204
1
cad-cae 3
205
2
cae-caf 2
ejj-caf 2
206
1
caf-cag 3
207
2
cag-cah 1
ejj-cah 1
208
1
cah-cai 1
209
2
cai-caj 2
ejj-caj 2
210
1
caj-cba 2
211
2
cba-cbb 1
ejj-cbb 1
212
1
cbb-cbc 1
213
2
cbc-cbd 1
ejj-cbd 1
214
1
cbd-cbe 3
215
2
cbe-cbf 1
ejj-cbf 1
216
1
cbf-cbg 2
217
2
cbg-cbh 2
ejj-cbh 3
218
1
cbh-cbi 3
219
2
cbi-cbj 3
ejj-cbj 1
220
1
cbj-cca 7
221
2
cca-ccb 3
ejj-ccb 2
222
1
ccb-ccc 5
223
2
ccc-ccd 4
ejj-ccd 2
224
1
ccd-cce 5
225
2
cce-ccf 5
ejj-ccf 2
226
1
ccf-ccg 4
227
2
ccg-cch 5
ejj-cch 1
228
1
cch-cci 4
229
2
cci-ccj 4
ejj-ccj 6
230
1
ccj-cda 4
231
2
cda-cdb 3
ejj-cdb 1
232
1
cdb-cdc 3
233
2
cdc-cdd 3
ejj-cdd 2
234
1
cdd-cde 5
235
2
cde-cdf 5
ejj-cdf 1
236
1
cdf-cdg 5
237
2
cdg-cdh 3
ejj-cdh 1
238
1
cdh-cdi 6
239
2
cdi-cdj 5
ejj-cdj 5
240
1
cdj-cea 5
241
2
cea-ceb 6
ejj-ceb 2
242
1
ceb-cec 5
243
2
cec-ced 3
ejj-ced 2
244
1
ced-cee 6
245
2
cee-cef 4
ejj-cef 2
246
1
cef-ceg 3
247
2
ceg-ceh 4
ejj-ceh 1
248
1
ceh-cei 3
249
1
cei-cej 4
250
1
cej-cfa 3
251
2
cfa-cfb 2
ejj-cfb 2
252
1
cfb-cfc 3
253
2
cfc-cfd 1
ejj-cfd 2
254
1
cfd-cfe 2
255
2
cfe-cff 2
ejj-cff 3
256
1
cff-cfg 2
257
2
cfg-cfh 1
ejj-cfh 2
258
1
cfh-cfi 3
259
2
cfi-cfj 3
ejj-cfj 2
260
1
cfj-cga 4
261
2
cga-cgb 5
ejj-cgb 1
262
1
cgb-cgc 4
263
2
cgc-cgd 2
ejj-cgd 2
264
1
cgd-cge 4
265
2
cge-cgf 4
ejj-cgf 2
266
1
cgf-cgg 5
267
2
cgg-cgh 4
ejj-cgh 1
268
1
cgh-cgi 2
269
1
cgi-cgj 2
270
1
cgj-cha 2
271
2
cha-chb 2
ejj-chb 1
272
1
chb-chc 5
273
2
chc-chd 4
ejj-chd 2
274
1
chd-che 3
275
2
che-chf 2
ejj-chf 3
276
1
chf-chg 6
277
2
chg-chh 4
ejj-chh 2
278
1
chh-chi 4
279
2
chi-chj 5
ejj-chj 5
280
1
chj-cia 5
281
2
cia-cib 5
ejj-cib 1
282
1
cib-cic 8
283
2
cic-cid 7
ejj-cid 1
284
1
cid-cie 8
285
2
cie-cif 5
ejj-cif 1
286
1
cif-cig 5
287
2
cig-cih 3
ejj-cih 2
288
1
cih-cii 4
289
1
cii-cij 3
290
1
cij-cja 3
291
2
cja-cjb 2
ejj-cjb 1
292
1
cjb-cjc 3
293
2
cjc-cjd 4
ejj-cjd 2
294
1
cjd-cje 3
295
2
cje-cjf 3
ejj-cjf 2
296
1
cjf-cjg 3
297
2
cjg-cjh 3
ejj-cjh 2
298
1
cjh-cji 4
299
2
cji-cjj 3
ejj-cjj 2
300
1
cjj-daa 4
301
2
daa-dab 3
ejj-dab 1
302
1
dab-dac 2
303
2
dac-dad 3
ejj-dad 2
304
1
dad-dae 4
305
2
dae-daf 5
ejj-daf 1
306
1
daf-dag 4
307
2
dag-dah 4
ejj-dah 3
308
1
dah-dai 6
309
2
dai-daj 4
ejj-daj 1
310
1
daj-dba 6
311
2
dba-dbb 4
ejj-dbb 3
312
1
dbb-dbc 5
313
2
dbc-dbd 4
ejj-dbd 2
314
1
dbd-dbe 5
315
2
dbe-dbf 3
ejj-dbf 1
316
1
dbf-dbg 5
317
2
dbg-dbh 3
ejj-dbh 1
318
1
dbh-dbi 4
319
2
dbi-dbj 4
ejj-dbj 1
320
1
dbj-dca 4
321
2
dca-dcb 3
ejj-dcb 2
322
1
dcb-dcc 4
323
2
dcc-dcd 4
ejj-dcd 1
324
1
dcd-dce 7
325
2
dce-dcf 3
ejj-dcf 1
326
1
dcf-dcg 3
327
2
dcg-dch 3
ejj-dch 2
328
1
dch-dci 3
329
2
dci-dcj 3
ejj-dcj 2
330
1
dcj-dda 3
331
2
dda-ddb 4
ejj-ddb 3
332
1
ddb-ddc 6
333
2
ddc-ddd 5
ejj-ddd 1
334
1
ddd-dde 5
335
2
dde-ddf 4
ejj-ddf 3
336
1
ddf-ddg 6
337
2
ddg-ddh 2
ejj-ddh 1
338
1
ddh-ddi 3
339
2
ddi-ddj 2
ejj-ddj 1
340
1
ddj-dea 4
341
2
dea-deb 1
ejj-deb 2
342
1
deb-dec 3
343
2
dec-ded 4
ejj-ded 2
344
1
ded-dee 7
345
2
dee-def 3
ejj-def 1
346
1
def-deg 8
347
2
deg-deh 5
ejj-deh 1
348
1
deh-dei 3
349
2
dei-dej 1
ejj-dej 1
350
1
dej-dfa 4
351
1
dfa-dfb 3
352
1
dfb-dfc 3
353
2
dfc-dfd 1
ejj-dfd 1
354
1
dfd-dfe 3
355
2
dfe-dff 2
ejj-dff 1
356
1
dff-dfg 2
357
2
dfg-dfh 2
ejj-dfh 2
358
1
dfh-dfi 4
359
2
dfi-dfj 2
ejj-dfj 3
360
1
dfj-dga 5
361
2
dga-dgb 4
ejj-dgb 2
362
1
dgb-dgc 6
363
2
dgc-dgd 5
ejj-dgd 2
364
1
dgd-dge 5
365
2
dge-dgf 5
ejj-dgf 2
366
1
dgf-dgg 4
367
2
dgg-dgh 6
ejj-dgh 2
368
1
dgh-dgi 6
369
2
dgi-dgj 5
ejj-dgj 3
370
1
dgj-dha 8
371
2
dha-dhb 6
ejj-dhb 1
372
1
dhb-dhc 5
373
2
dhc-dhd 3
ejj-dhd 3
374
1
dhd-dhe 6
375
2
dhe-dhf 2
ejj-dhf 3
376
1
dhf-dhg 5
377
2
dhg-dhh 5
ejj-dhh 2
378
1
dhh-dhi 5
379
2
dhi-dhj 5
ejj-dhj 1
380
1
dhj-dia 5
381
2
dia-dib 2
ejj-dib 1
382
1
dib-dic 3
383
2
dic-did 3
ejj-did 2
384
1
did-die 4
385
2
die-dif 4
ejj-dif 1
386
1
dif-dig 3
387
2
dig-dih 2
ejj-dih 3
388
1
dih-dii 7
389
2
dii-dij 8
ejj-dij 2
390
1
dij-dja 5
391
2
dja-djb 5
ejj-djb 3
392
1
djb-djc 7
393
2
djc-djd 6
ejj-djd 1
394
1
djd-dje 5
395
1
dje-djf 4
396
1
djf-djg 5
397
2
djg-djh 3
ejj-djh 3
398
1
djh-dji 4
399
2
dji-djj 2
ejj-djj 1
400
1
djj-eaa 3
401
2
eaa-eab 4
ejj-eab 1
402
1
eab-eac 3
403
2
eac-ead 3
ejj-ead 2
404
1
ead-eae 5
405
2
eae-eaf 2
ejj-eaf 1
406
1
eaf-eag 3
407
2
eag-eah 5
ejj-eah 1
408
1
eah-eai 4
409
2
eai-eaj 3
ejj-eaj 3
410
1
eaj-eba 6
411
2
eba-ebb 4
ejj-ebb 1
412
1
ebb-ebc 7
413
2
ebc-ebd 5
ejj-ebd 2
414
1
ebd-ebe 7
415
2
ebe-ebf 8
ejj-ebf 2
416
1
ebf-ebg 9
417
2
ebg-ebh 4
ejj-ebh 3
418
1
ebh-ebi 6
419
2
ebi-ebj 6
ejj-ebj 2
420
1
ebj-eca 6
421
2
eca-ecb 4
ejj-ecb 1
422
1
ecb-ecc 4
423
2
ecc-ecd 2
ejj-ecd 3
424
1
ecd-ece 6
425
2
ece-ecf 2
ejj-ecf 1
426
1
ecf-ecg 5
427
2
ecg-ech 3
ejj-ech 1
428
1
ech-eci 4
429
2
eci-ecj 2
ejj-ecj 2
430
1
ecj-eda 2
431
2
eda-edb 4
ejj-edb 3
432
1
edb-edc 3
433
2
edc-edd 4
ejj-edd 2
434
1
edd-ede 6
435
2
ede-edf 5
ejj-edf 1
436
1
edf-edg 3
437
2
edg-edh 4
ejj-edh 2
438
1
edh-edi 4
439
2
edi-edj 3
ejj-edj 2
440
1
edj-eea 5
441
2
eea-eeb 4
ejj-eeb 2
442
1
eeb-eec 4
443
2
eec-eed 3
ejj-eed 2
444
1
eed-eee 4
445
2
eee-eef 3
ejj-eef 2
446
1
eef-eeg 4
447
2
eeg-eeh 3
ejj-eeh 2
448
1
eeh-eei 4
449
1
eei-eej 2
450
1
eej-efa 2
451
2
efa-efb 2
ejj-efb 1
452
1
efb-efc 2
453
2
efc-efd 2
ejj-efd 3
454
1
efd-efe 4
455
2
efe-eff 3
ejj-eff 2
456
1
eff-efg 4
457
2
efg-efh 4
ejj-efh 2
458
1
efh-efi 5
459
2
efi-efj 5
ejj-efj 2
460
1
efj-ega 4
461
2
ega-egb 4
ejj-egb 2
462
1
egb-egc 5
463
2
egc-egd 3
ejj-egd 1
464
1
egd-ege 2
465
2
ege-egf 3
ejj-egf 1
466
1
egf-egg 1
467
2
egg-egh 1
ejj-egh 2
468
1
egh-egi 4
469
2
egi-egj 3
ejj-egj 1
470
1
egj-eha 3
471
2
eha-ehb 3
ejj-ehb 2
472
1
ehb-ehc 6
473
2
ehc-ehd 3
ejj-ehd 2
474
1
ehd-ehe 5
475
2
ehe-ehf 4
ejj-ehf 2
476
1
ehf-ehg 5
477
2
ehg-ehh 3
ejj-ehh 1
478
1
ehh-ehi 3
479
2
ehi-ehj 2
ejj-ehj 2
480
1
ehj-eia 2
481
2
eia-eib 3
ejj-eib 1
482
1
eib-eic 4
483
2
eic-eid 2
ejj-eid 1
484
1
eid-eie 2
485
2
eie-eif 3
ejj-eif 1
486
1
eif-eig 2
487
1
eig-eih 2
488
1
eih-eii 3
489
2
eii-eij 2
ejj-eij 3
490
1
eij-eja 4
491
2
eja-ejb 2
ejj-ejb 4
492
1
ejb-ejc 6
493
2
ejc-ejd 2
ejj-ejd 2
494
1
ejd-eje 5
495
2
eje-ejf 3
ejj-ejf 2
496
1
ejf-ejg 8
497
2
ejg-ejh 2
ejj-ejh 2
498
1
ejh-eji 4
499
209
a-ejj 1
e-ejj 2
g-ejj 1
i-ejj 2
ba-ejj 2
bc-ejj 2
be-ejj 1
bi-ejj 2
ca-ejj 2
cc-ejj 2
ce-ejj 1
cg-ejj 1
ci-ejj 2
dc-ejj 2
de-ejj 1
dg-ejj 2
di-ejj 1
ec-ejj 2
ee-ejj 2
eg-ejj 2
fa-ejj 1
fc-ejj 2
fe-ejj 2
fg-ejj 1
fi-ejj 1
ga-ejj 1
gc-ejj 1
ge-ejj 2
gg-ejj 1
gi-ejj 2
ha-ejj 2
hc-ejj 2
he-ejj 3
hg-ejj 2
hi-ejj 2
ia-ejj 1
ie-ejj 1
ig-ejj 1
ja-ejj 1
jc-ejj 1
je-ejj 2
jg-ejj 1
ji-ejj 2
bac-ejj 3
bae-ejj 2
bag-ejj 1
bai-ejj 1
bba-ejj 2
bbc-ejj 2
bbg-ejj 2
bcg-ejj 2
bci-ejj 1
bda-ejj 1
bdc-ejj 1
bde-ejj 2
bdg-ejj 1
bdi-ejj 1
bea-ejj 2
bec-ejj 1
bee-ejj 2
beg-ejj 1
bei-ejj 2
bfa-ejj 2
bfc-ejj 1
bfe-ejj 1
bfg-ejj 1
bfi-ejj 1
bga-ejj 1
bgc-ejj 1
bge-ejj 1
bgg-ejj 2
bgi-ejj 2
bha-ejj 2
bhc-ejj 2
bhe-ejj 3
bhg-ejj 1
bia-ejj 1
bic-ejj 2
bie-ejj 3
bii-ejj 2
bja-ejj 1
bjc-ejj 1
bje-ejj 2
bjg-ejj 2
caa-ejj 2
cac-ejj 2
cae-ejj 2
cbc-ejj 1
cbe-ejj 1
cbg-ejj 1
cca-ejj 1
ccc-ejj 2
ccg-ejj 2
cci-ejj 2
cda-ejj 1
cdc-ejj 1
cde-ejj 1
cdg-ejj 3
cdi-ejj 2
cea-ejj 1
cec-ejj 1
ceg-ejj 3
cei-ejj 2
cfa-ejj 2
cfc-ejj 1
cfg-ejj 1
cfi-ejj 1
cge-ejj 2
cgg-ejj 1
cgi-ejj 2
cha-ejj 1
chc-ejj 2
che-ejj 2
chg-ejj 2
cia-ejj 1
cic-ejj 3
cie-ejj 3
cig-ejj 1
cii-ejj 2
cja-ejj 2
cjc-ejj 2
cje-ejj 2
cjg-ejj 2
cji-ejj 1
dac-ejj 2
dae-ejj 1
dag-ejj 2
dai-ejj 3
dba-ejj 4
dbg-ejj 1
dca-ejj 6
dcc-ejj 1
dce-ejj 2
dcg-ejj 2
dci-ejj 1
dda-ejj 1
ddc-ejj 2
dde-ejj 3
ddg-ejj 1
ddi-ejj 2
dea-ejj 3
dec-ejj 1
dee-ejj 1
dei-ejj 2
dfc-ejj 1
dfg-ejj 2
dfi-ejj 2
dga-ejj 1
dge-ejj 2
dgi-ejj 1
dha-ejj 1
dhc-ejj 1
dhe-ejj 3
dhg-ejj 2
dhi-ejj 1
dia-ejj 1
dic-ejj 1
die-ejj 2
dig-ejj 1
dii-ejj 2
dja-ejj 3
djc-ejj 1
dje-ejj 2
djg-ejj 2
dji-ejj 1
eaa-ejj 1
eac-ejj 2
eae-ejj 2
eag-ejj 2
eai-ejj 3
eba-ejj 2
ebc-ejj 1
ebe-ejj 2
ebg-ejj 3
ebi-ejj 1
eca-ejj 1
ece-ejj 1
ecg-ejj 1
eci-ejj 1
eda-ejj 1
edc-ejj 1
ede-ejj 2
edg-ejj 1
edi-ejj 3
eea-ejj 1
eec-ejj 1
eeg-ejj 3
eei-ejj 2
efa-ejj 1
efc-ejj 1
efe-ejj 2
efi-ejj 2
egc-ejj 1
ege-ejj 2
egg-ejj 2
egi-ejj 2
eha-ejj 2
ehc-ejj 1
ehe-ejj 3
ehg-ejj 2
ehi-ejj 1
eia-ejj 2
eic-ejj 1
eie-ejj 3
eig-ejj 1
eja-ejj 2
eje-ejj 1
ejg-ejj 2
eji-ejj 1
