500
0
1
eji-a 2
1
2
a-b 1
ejj-b 1
2
1
b-c 1
3
2
ejj-d 1
c-d 3
4
1
d-e 1
5
2
e-f 4
ejj-f 6
6
1
f-g 6
7
2
g-h 1
ejj-h 4
8
1
h-i 1
9
2
i-j 10
ejj-j 2
10
1
j-ba 1
11
2
ba-bb 2
ejj-bb 1
12
1
bb-bc 1
13
2
bc-bd 2
ejj-bd 1
14
1
bd-be 4
15
2
ejj-bf 2
be-bf 1
16
1
bf-bg 12
17
2
bg-bh 1
ejj-bh 2
18
1
bh-bi 2
19
2
ejj-bj 1
bi-bj 1
20
1
bj-ca 1
21
2
ejj-cb 1
ca-cb 1
22
1
cb-cc 1
23
2
cc-cd 4
ejj-cd 1
24
1
cd-ce 1
25
2
ejj-cf 2
ce-cf 1
26
1
cf-cg 1
27
2
ejj-ch 1
cg-ch 1
28
1
ch-ci 1
29
2
ejj-cj 1
ci-cj 2
30
1
cj-da 1
31
2
ejj-db 1
da-db 2
32
1
db-dc 3
33
2
ejj-dd 4
dc-dd 6
34
1
dd-de 1
35
2
ejj-df 1
de-df 1
36
1
df-dg 1
37
2
ejj-dh 3
dg-dh 1
38
1
dh-di 1
39
2
di-dj 1
ejj-dj 1
40
1
dj-ea 1
41
2
ea-eb 1
ejj-eb 1
42
1
eb-ec 1
43
2
ec-ed 1
ejj-ed 1
44
1
ed-ee 1
45
2
ee-ef 1
ejj-ef 1
46
1
ef-eg 4
47
2
eg-eh 1
ejj-eh 1
48
1
eh-ei 1
49
2
ei-ej 1
ejj-ej 1
50
1
ej-fa 1
51
2
fa-fb 3
ejj-fb 33
52
1
fb-fc 1
53
2
ejj-fd 82
fc-fd 4
54
1
fd-fe 4
55
2
fe-ff 12
ejj-ff 4
56
1
ff-fg 26
57
2
fg-fh 1
ejj-fh 2
58
1
fh-fi 1
59
2
ejj-fj 19
fi-fj 1
60
1
fj-ga 13
61
2
ga-gb 48
ejj-gb 1
62
1
gb-gc 2
63
2
ejj-gd 1
gc-gd 1
64
1
gd-ge 1
65
2
ge-gf 10
ejj-gf 124
66
1
gf-gg 20
67
2
ejj-gh 6
gg-gh 3
68
1
gh-gi 3
69
2
ejj-gj 1
gi-gj 1
70
1
gj-ha 2
71
2
ejj-hb 2
ha-hb 1
72
1
hb-hc 49
73
2
ejj-hd 1
hc-hd 9
74
1
hd-he 1
75
2
he-hf 11
ejj-hf 1
76
1
hf-hg 1
77
2
ejj-hh 1
hg-hh 1
78
1
hh-hi 1
79
2
hi-hj 1
ejj-hj 20
80
1
hj-ia 1
81
2
ejj-ib 1
ia-ib 1
82
1
ib-ic 3
83
2
ic-id 1
ejj-id 2
84
1
id-ie 1
85
2
ie-if 2
ejj-if 1
86
1
if-ig 1
87
2
ejj-ih 1
ig-ih 1
88
1
ih-ii 3
89
2
ejj-ij 1
ii-ij 4
90
1
ij-ja 1
91
2
ejj-jb 14
ja-jb 4
92
1
jb-jc 1
93
2
jc-jd 3
ejj-jd 1
94
1
jd-je 1
95
2
ejj-jf 88
je-jf 1
96
1
jf-jg 1
97
2
jg-jh 1
ejj-jh 1
98
1
jh-ji 1
99
2
ji-jj 1
ejj-jj 1
100
1
jj-baa 1
101
2
baa-bab 1
ejj-bab 1
102
1
bab-bac 2
103
2
ejj-bad 2
bac-bad 14
104
1
bad-bae 1
105
2
ejj-baf 1
bae-baf 1
106
1
baf-bag 1
107
2
bag-bah 1
ejj-bah 1
108
1
bah-bai 1
109
2
ejj-baj 2
bai-baj 2
110
1
baj-bba 5
111
2
bba-bbb 2
ejj-bbb 7
112
1
bbb-bbc 6
113
2
ejj-bbd 1
bbc-bbd 1
114
1
bbd-bbe 2
115
2
bbe-bbf 3
ejj-bbf 2
116
1
bbf-bbg 1
117
2
ejj-bbh 1
bbg-bbh 1
118
1
bbh-bbi 1
119
2
ejj-bbj 1
bbi-bbj 2
120
1
bbj-bca 3
121
2
ejj-bcb 2
bca-bcb 1
122
1
bcb-bcc 1
123
2
bcc-bcd 1
ejj-bcd 1
124
1
bcd-bce 1
125
2
bce-bcf 1
ejj-bcf 1
126
1
bcf-bcg 2
127
2
bcg-bch 1
ejj-bch 1
128
1
bch-bci 3
129
2
ejj-bcj 1
bci-bcj 2
130
1
bcj-bda 1
131
2
bda-bdb 4
ejj-bdb 3
132
1
bdb-bdc 1
133
2
bdc-bdd 5
ejj-bdd 1
134
1
bdd-bde 29
135
2
ejj-bdf 2
bde-bdf 1
136
1
bdf-bdg 1
137
2
bdg-bdh 2
ejj-bdh 1
138
1
bdh-bdi 2
139
2
ejj-bdj 1
bdi-bdj 1
140
1
bdj-bea 12
141
2
bea-beb 1
ejj-beb 1
142
1
beb-bec 1
143
2
bec-bed 4
ejj-bed 1
144
1
bed-bee 2
145
2
bee-bef 1
ejj-bef 1
146
1
bef-beg 1
147
2
beg-beh 1
ejj-beh 2
148
1
beh-bei 1
149
2
ejj-bej 1
bei-bej 3
150
1
bej-bfa 7
151
2
bfa-bfb 4
ejj-bfb 1
152
1
bfb-bfc 1
153
2
bfc-bfd 1
ejj-bfd 1
154
1
bfd-bfe 12
155
2
bfe-bff 2
ejj-bff 1
156
1
bff-bfg 4
157
2
ejj-bfh 9
bfg-bfh 1
158
1
bfh-bfi 19
159
2
ejj-bfj 3
bfi-bfj 1
160
1
bfj-bga 1
161
2
bga-bgb 1
ejj-bgb 1
162
1
bgb-bgc 1
163
2
ejj-bgd 1
bgc-bgd 1
164
1
bgd-bge 1
165
2
ejj-bgf 2
bge-bgf 3
166
1
bgf-bgg 1
167
2
ejj-bgh 2
bgg-bgh 2
168
1
bgh-bgi 1
169
2
ejj-bgj 2
bgi-bgj 1
170
1
bgj-bha 1
171
2
ejj-bhb 1
bha-bhb 1
172
1
bhb-bhc 1
173
2
bhc-bhd 1
ejj-bhd 1
174
1
bhd-bhe 2
175
2
bhe-bhf 21
ejj-bhf 1
176
1
bhf-bhg 1
177
2
ejj-bhh 5
bhg-bhh 2
178
1
bhh-bhi 1
179
2
ejj-bhj 2
bhi-bhj 3
180
1
bhj-bia 3
181
2
bia-bib 3
ejj-bib 2
182
1
bib-bic 3
183
2
ejj-bid 1
bic-bid 4
184
1
bid-bie 1
185
2
bie-bif 3
ejj-bif 7
186
1
bif-big 5
187
2
ejj-bih 2
big-bih 2
188
1
bih-bii 1
189
2
ejj-bij 1
bii-bij 5
190
1
bij-bja 1
191
2
bja-bjb 1
ejj-bjb 1
192
1
bjb-bjc 1
193
2
bjc-bjd 1
ejj-bjd 13
194
1
bjd-bje 2
195
2
bje-bjf 6
ejj-bjf 1
196
1
bjf-bjg 1
197
2
bjg-bjh 4
ejj-bjh 1
198
1
bjh-bji 1
199
2
bji-bjj 7
ejj-bjj 14
200
1
bjj-caa 19
201
2
caa-cab 1
ejj-cab 1
202
1
cab-cac 1
203
2
ejj-cad 2
cac-cad 2
204
1
cad-cae 1
205
2
cae-caf 1
ejj-caf 1
206
1
caf-cag 1
207
2
cag-cah 1
ejj-cah 1
208
1
cah-cai 1
209
2
cai-caj 1
ejj-caj 8
210
1
caj-cba 1
211
2
ejj-cbb 5
cba-cbb 1
212
1
cbb-cbc 1
213
2
ejj-cbd 1
cbc-cbd 7
214
1
cbd-cbe 2
215
2
ejj-cbf 2
cbe-cbf 1
216
1
cbf-cbg 1
217
2
ejj-cbh 1
cbg-cbh 1
218
1
cbh-cbi 2
219
2
ejj-cbj 10
cbi-cbj 1
220
1
cbj-cca 1
221
2
ejj-ccb 1
cca-ccb 1
222
1
ccb-ccc 1
223
2
ccc-ccd 1
ejj-ccd 1
224
1
ccd-cce 8
225
2
ejj-ccf 10
cce-ccf 6
226
1
ccf-ccg 2
227
2
ejj-cch 1
ccg-cch 2
228
1
cch-cci 1
229
2
cci-ccj 2
ejj-ccj 1
230
1
ccj-cda 8
231
2
ejj-cdb 2
cda-cdb 1
232
1
cdb-cdc 1
233
2
cdc-cdd 20
ejj-cdd 1
234
1
cdd-cde 1
235
2
ejj-cdf 1
cde-cdf 1
236
1
cdf-cdg 1
237
2
ejj-cdh 1
cdg-cdh 2
238
1
cdh-cdi 3
239
2
ejj-cdj 27
cdi-cdj 1
240
1
cdj-cea 1
241
2
ejj-ceb 3
cea-ceb 2
242
1
ceb-cec 1
243
2
ejj-ced 1
cec-ced 1
244
1
ced-cee 5
245
2
ejj-cef 11
cee-cef 1
246
1
cef-ceg 1
247
2
ejj-ceh 1
ceg-ceh 2
248
1
ceh-cei 2
249
2
ejj-cej 1
cei-cej 2
250
1
cej-cfa 3
251
2
ejj-cfb 1
cfa-cfb 3
252
1
cfb-cfc 6
253
2
cfc-cfd 22
ejj-cfd 1
254
1
cfd-cfe 1
255
2
ejj-cff 1
cfe-cff 1
256
1
cff-cfg 9
257
2
cfg-cfh 3
ejj-cfh 1
258
1
cfh-cfi 1
259
2
cfi-cfj 1
ejj-cfj 2
260
1
cfj-cga 6
261
2
cga-cgb 1
ejj-cgb 1
262
1
cgb-cgc 4
263
2
ejj-cgd 5
cgc-cgd 1
264
1
cgd-cge 2
265
2
ejj-cgf 6
cge-cgf 1
266
1
cgf-cgg 1
267
2
ejj-cgh 1
cgg-cgh 67
268
1
cgh-cgi 1
269
2
ejj-cgj 30
cgi-cgj 1
270
1
cgj-cha 1
271
2
cha-chb 1
ejj-chb 1
272
1
chb-chc 33
273
2
chc-chd 2
ejj-chd 1
274
1
chd-che 2
275
2
che-chf 1
ejj-chf 1
276
1
chf-chg 1
277
2
chg-chh 6
ejj-chh 1
278
1
chh-chi 1
279
2
ejj-chj 3
chi-chj 1
280
1
chj-cia 1
281
2
ejj-cib 1
cia-cib 1
282
1
cib-cic 3
283
2
cic-cid 1
ejj-cid 1
284
1
cid-cie 6
285
2
cie-cif 6
ejj-cif 2
286
1
cif-cig 8
287
2
cig-cih 1
ejj-cih 1
288
1
cih-cii 1
289
2
ejj-cij 1
cii-cij 1
290
1
cij-cja 5
291
2
cja-cjb 1
ejj-cjb 3
292
1
cjb-cjc 1
293
2
ejj-cjd 1
cjc-cjd 1
294
1
cjd-cje 1
295
2
cje-cjf 1
ejj-cjf 2
296
1
cjf-cjg 5
297
2
ejj-cjh 1
cjg-cjh 1
298
1
cjh-cji 1
299
2
ejj-cjj 1
cji-cjj 1
300
1
cjj-daa 1
301
2
daa-dab 1
ejj-dab 13
302
1
dab-dac 5
303
2
dac-dad 3
ejj-dad 2
304
1
dad-dae 4
305
2
dae-daf 1
ejj-daf 5
306
1
daf-dag 1
307
2
ejj-dah 1
dag-dah 2
308
1
dah-dai 1
309
2
dai-daj 1
ejj-daj 1
310
1
daj-dba 5
311
2
dba-dbb 2
ejj-dbb 1
312
1
dbb-dbc 1
313
2
ejj-dbd 1
dbc-dbd 2
314
1
dbd-dbe 4
315
2
dbe-dbf 2
ejj-dbf 12
316
1
dbf-dbg 2
317
2
ejj-dbh 4
dbg-dbh 6
318
1
dbh-dbi 1
319
2
ejj-dbj 1
dbi-dbj 2
320
1
dbj-dca 1
321
2
ejj-dcb 9
dca-dcb 1
322
1
dcb-dcc 2
323
2
ejj-dcd 2
dcc-dcd 24
324
1
dcd-dce 1
325
2
ejj-dcf 1
dce-dcf 7
326
1
dcf-dcg 1
327
2
dcg-dch 1
ejj-dch 1
328
1
dch-dci 1
329
2
dci-dcj 1
ejj-dcj 1
330
1
dcj-dda 1
331
2
dda-ddb 1
ejj-ddb 1
332
1
ddb-ddc 1
333
2
ejj-ddd 1
ddc-ddd 1
334
1
ddd-dde 1
335
2
dde-ddf 1
ejj-ddf 5
336
1
ddf-ddg 3
337
2
ddg-ddh 2
ejj-ddh 1
338
1
ddh-ddi 1
339
2
ddi-ddj 1
ejj-ddj 1
340
1
ddj-dea 1
341
2
dea-deb 1
ejj-deb 5
342
1
deb-dec 1
343
2
dec-ded 3
ejj-ded 1
344
1
ded-dee 17
345
2
dee-def 1
ejj-def 1
346
1
def-deg 1
347
2
ejj-deh 1
deg-deh 1
348
1
deh-dei 2
349
2
dei-dej 2
ejj-dej 1
350
1
dej-dfa 4
351
2
ejj-dfb 1
dfa-dfb 1
352
1
dfb-dfc 1
353
2
dfc-dfd 2
ejj-dfd 2
354
1
dfd-dfe 1
355
2
ejj-dff 2
dfe-dff 1
356
1
dff-dfg 1
357
2
dfg-dfh 1
ejj-dfh 1
358
1
dfh-dfi 2
359
2
ejj-dfj 4
dfi-dfj 1
360
1
dfj-dga 1
361
2
ejj-dgb 8
dga-dgb 1
362
1
dgb-dgc 1
363
2
ejj-dgd 1
dgc-dgd 1
364
1
dgd-dge 1
365
2
dge-dgf 20
ejj-dgf 1
366
1
dgf-dgg 1
367
2
ejj-dgh 1
dgg-dgh 1
368
1
dgh-dgi 2
369
2
dgi-dgj 4
ejj-dgj 1
370
1
dgj-dha 1
371
2
ejj-dhb 12
dha-dhb 1
372
1
dhb-dhc 1
373
2
ejj-dhd 21
dhc-dhd 1
374
1
dhd-dhe 1
375
2
ejj-dhf 5
dhe-dhf 7
376
1
dhf-dhg 1
377
2
dhg-dhh 2
ejj-dhh 1
378
1
dhh-dhi 2
379
2
dhi-dhj 1
ejj-dhj 1
380
1
dhj-dia 4
381
2
ejj-dib 1
dia-dib 1
382
1
dib-dic 1
383
2
ejj-did 1
dic-did 11
384
1
did-die 2
385
2
ejj-dif 1
die-dif 1
386
1
dif-dig 1
387
2
ejj-dih 2
dig-dih 7
388
1
dih-dii 9
389
2
dii-dij 3
ejj-dij 1
390
1
dij-dja 4
391
2
dja-djb 6
ejj-djb 1
392
1
djb-djc 1
393
2
djc-djd 1
ejj-djd 2
394
1
djd-dje 7
395
2
ejj-djf 9
dje-djf 1
396
1
djf-djg 1
397
2
djg-djh 1
ejj-djh 1
398
1
djh-dji 8
399
2
ejj-djj 1
dji-djj 15
400
1
djj-eaa 2
401
2
eaa-eab 2
ejj-eab 2
402
1
eab-eac 1
403
2
ejj-ead 6
eac-ead 1
404
1
ead-eae 1
405
2
eae-eaf 1
ejj-eaf 1
406
1
eaf-eag 1
407
2
ejj-eah 1
eag-eah 1
408
1
eah-eai 1
409
2
eai-eaj 1
ejj-eaj 6
410
1
eaj-eba 1
411
2
eba-ebb 2
ejj-ebb 1
412
1
ebb-ebc 3
413
2
ejj-ebd 3
ebc-ebd 1
414
1
ebd-ebe 2
415
2
ejj-ebf 1
ebe-ebf 13
416
1
ebf-ebg 1
417
2
ebg-ebh 1
ejj-ebh 1
418
1
ebh-ebi 1
419
2
ejj-ebj 2
ebi-ebj 1
420
1
ebj-eca 2
421
2
ejj-ecb 1
eca-ecb 3
422
1
ecb-ecc 6
423
2
ejj-ecd 1
ecc-ecd 1
424
1
ecd-ece 3
425
2
ejj-ecf 1
ece-ecf 1
426
1
ecf-ecg 2
427
2
ecg-ech 2
ejj-ech 1
428
1
ech-eci 1
429
2
ejj-ecj 1
eci-ecj 1
430
1
ecj-eda 2
431
2
ejj-edb 19
eda-edb 5
432
1
edb-edc 1
433
2
ejj-edd 17
edc-edd 1
434
1
edd-ede 1
435
2
ejj-edf 1
ede-edf 1
436
1
edf-edg 2
437
2
ejj-edh 4
edg-edh 1
438
1
edh-edi 6
439
2
ejj-edj 6
edi-edj 1
440
1
edj-eea 1
441
2
ejj-eeb 4
eea-eeb 17
442
1
eeb-eec 3
443
2
ejj-eed 1
eec-eed 2
444
1
eed-eee 12
445
2
ejj-eef 1
eee-eef 2
446
1
eef-eeg 1
447
2
eeg-eeh 1
ejj-eeh 1
448
1
eeh-eei 1
449
2
eei-eej 1
ejj-eej 1
450
1
eej-efa 2
451
2
efa-efb 28
ejj-efb 1
452
1
efb-efc 7
453
2
efc-efd 1
ejj-efd 1
454
1
efd-efe 1
455
2
ejj-eff 1
efe-eff 1
456
1
eff-efg 1
457
2
ejj-efh 1
efg-efh 1
458
1
efh-efi 1
459
2
efi-efj 1
ejj-efj 5
460
1
efj-ega 1
461
2
ejj-egb 1
ega-egb 1
462
1
egb-egc 1
463
2
ejj-egd 2
egc-egd 1
464
1
egd-ege 1
465
2
ege-egf 1
ejj-egf 1
466
1
egf-egg 1
467
2
egg-egh 6
ejj-egh 2
468
1
egh-egi 1
469
2
ejj-egj 3
egi-egj 2
470
1
egj-eha 4
471
2
ejj-ehb 1
eha-ehb 1
472
1
ehb-ehc 1
473
2
ejj-ehd 1
ehc-ehd 2
474
1
ehd-ehe 4
475
2
ehe-ehf 9
ejj-ehf 3
476
1
ehf-ehg 2
477
2
ehg-ehh 6
ejj-ehh 3
478
1
ehh-ehi 1
479
2
ehi-ehj 1
ejj-ehj 2
480
1
ehj-eia 1
481
2
ejj-eib 1
eia-eib 1
482
1
eib-eic 1
483
2
ejj-eid 2
eic-eid 21
484
1
eid-eie 1
485
2
eie-eif 2
ejj-eif 1
486
1
eif-eig 1
487
2
eig-eih 1
ejj-eih 9
488
1
eih-eii 1
489
2
eii-eij 1
ejj-eij 3
490
1
eij-eja 1
491
2
eja-ejb 1
ejj-ejb 1
492
1
ejb-ejc 1
493
2
ejj-ejd 1
ejc-ejd 11
494
1
ejd-eje 3
495
2
ejj-ejf 2
eje-ejf 1
496
1
ejf-ejg 1
497
2
ejj-ejh 8
ejg-ejh 3
498
1
ejh-eji 1
499
250
bji-ejj 6
hg-ejj 1
cc-ejj 1
bee-ejj 2
bfe-ejj 2
eee-ejj 1
dje-ejj 5
che-ejj 2
fi-ejj 1
edi-ejj 7
cdg-ejj 2
ece-ejj 3
fg-ejj 1
eei-ejj 1
bgg-ejj 1
dhe-ejj 1
bhe-ejj 1
bii-ejj 2
dge-ejj 1
ehe-ejj 3
eda-ejj 6
dbg-ejj 8
cjc-ejj 2
bie-ejj 2
hc-ejj 1
bce-ejj 1
cde-ejj 4
cji-ejj 1
bgc-ejj 2
cda-ejj 1
dda-ejj 1
eeg-ejj 2
cbc-ejj 1
djg-ejj 4
bja-ejj 3
cdc-ejj 1
dia-ejj 1
ejg-ejj 5
dgi-ejj 1
bhg-ejj 1
dhg-ejj 1
egi-ejj 1
bca-ejj 1
cae-ejj 9
je-ejj 1
i-ejj 1
bjg-ejj 1
cgi-ejj 6
dec-ejj 1
dci-ejj 1
daa-ejj 2
ede-ejj 3
deg-ejj 3
dii-ejj 1
cag-ejj 1
bfg-ejj 1
bea-ejj 1
eii-ejj 1
dei-ejj 1
cec-ejj 1
cge-ejj 14
eea-ejj 1
ci-ejj 2
hi-ejj 1
cg-ejj 1
bfi-ejj 1
ca-ejj 1
ejc-ejj 1
dc-ejj 1
bbg-ejj 3
dfe-ejj 3
bjc-ejj 2
egg-ejj 1
bbi-ejj 1
fe-ejj 1
cdi-ejj 1
ehc-ejj 1
ce-ejj 6
ccc-ejj 2
ddi-ejj 4
chc-ejj 2
die-ejj 5
cba-ejj 1
cea-ejj 2
dee-ejj 1
ecg-ejj 2
gc-ejj 6
edc-ejj 1
cja-ejj 1
bbe-ejj 1
ceg-ejj 1
ie-ejj 1
dai-ejj 1
dfa-ejj 1
dca-ejj 5
ega-ejj 3
dbe-ejj 1
dhi-ejj 4
bgi-ejj 1
ha-ejj 3
eag-ejj 1
efc-ejj 1
bhi-ejj 1
djc-ejj 1
dde-ejj 2
dg-ejj 2
eia-ejj 6
eg-ejj 2
bcc-ejj 1
dac-ejj 2
cgc-ejj 1
ccg-ejj 1
edg-ejj 3
cfc-ejj 9
eai-ejj 1
cei-ejj 2
ebi-ejj 1
ig-ejj 6
eba-ejj 4
eig-ejj 1
jg-ejj 1
bdi-ejj 2
dha-ejj 1
cce-ejj 1
eha-ejj 1
dgc-ejj 1
bec-ejj 1
ja-ejj 2
bg-ejj 6
ddg-ejj 3
chi-ejj 2
bde-ejj 1
dfc-ejj 5
ehi-ejj 1
dfi-ejj 4
ec-ejj 2
eec-ejj 2
beg-ejj 1
fc-ejj 1
bag-ejj 2
cbg-ejj 1
ba-ejj 1
eae-ejj 11
bdc-ejj 1
eji-ejj 1
bac-ejj 1
cig-ejj 1
ea-ejj 1
dbi-ejj 1
ii-ejj 1
bei-ejj 9
e-ejj 1
bcg-ejj 1
cie-ejj 1
c-ejj 3
bic-ejj 13
dag-ejj 1
cca-ejj 3
dbc-ejj 1
cci-ejj 1
cee-ejj 1
efg-ejj 1
di-ejj 1
ebc-ejj 2
efa-ejj 1
eci-ejj 1
bia-ejj 1
cfe-ejj 1
dhc-ejj 2
fa-ejj 7
eja-ejj 1
ga-ejj 3
g-ejj 4
eie-ejj 1
bge-ejj 2
dig-ejj 1
gi-ejj 5
he-ejj 1
ebg-ejj 1
dba-ejj 2
cii-ejj 1
bha-ejj 2
bhc-ejj 2
dcg-ejj 1
eaa-ejj 2
ge-ejj 1
ebe-ejj 4
bda-ejj 1
bje-ejj 2
jc-ejj 2
gg-ejj 1
ji-ejj 2
de-ejj 2
ecc-ejj 1
dae-ejj 2
ia-ejj 2
bdg-ejj 3
cia-ejj 1
cjg-ejj 1
ege-ejj 3
cbe-ejj 2
bc-ejj 1
da-ejj 1
ehg-ejj 1
eje-ejj 35
cbi-ejj 2
dga-ejj 1
egc-ejj 1
bae-ejj 4
bai-ejj 1
cfg-ejj 1
ee-ejj 4
dce-ejj 1
a-ejj 1
eac-ejj 2
cgg-ejj 1
cac-ejj 1
ic-ejj 1
bi-ejj 2
efe-ejj 1
dcc-ejj 1
caa-ejj 1
eca-ejj 1
bga-ejj 1
bci-ejj 1
eic-ejj 1
chg-ejj 9
bba-ejj 2
big-ejj 2
bfa-ejj 1
dgg-ejj 1
dji-ejj 1
cha-ejj 1
ei-ejj 2
cfa-ejj 1
cga-ejj 1
cfi-ejj 1
cic-ejj 2
dfg-ejj 2
efi-ejj 1
dja-ejj 1
ddc-ejj 1
bbc-ejj 1
dic-ejj 4
be-ejj 1
baa-ejj 1
dea-ejj 1
cai-ejj 1
bfc-ejj 4
cje-ejj 1
